Using pre-set license
Desktop is 1920 x 1080 @ 60 Hz

 COMMAND LINE ARGUMENTS:
Unity
-adb2
-batchMode
-noUpm
-name
AssetImportWorker3
-projectPath
/home/tunglam/Unity/Projects/game
-logFile
Logs/AssetImportWorker3.log
-srvPort
37669
Successfully changed project path to: /home/tunglam/Unity/Projects/game
/home/tunglam/Unity/Projects/game
Using Asset Import Pipeline V2.
Refreshing native plugins compatible for Editor in 74,17 ms, found 1 plugins.
Preloading 0 native plugins for Editor in 0,00 ms.
Initialize engine version: 2020.3.5f1 (8095aa901b9b)
[Subsystems] Discovering subsystems at path /home/tunglam/Unity/Editors/2020.3.5f1/Editor/Data/Resources/UnitySubsystems
[Subsystems] Discovering subsystems at path /home/tunglam/Unity/Projects/game/Assets
GLX Extensions: GLX_EXT_visual_info GLX_EXT_visual_rating GLX_EXT_import_context GLX_SGIX_fbconfig GLX_SGIX_pbuffer GLX_SGI_video_sync GLX_SGI_swap_control GLX_EXT_swap_control GLX_EXT_swap_control_tear GLX_EXT_texture_from_pixmap GLX_EXT_buffer_age GLX_ARB_create_context GLX_ARB_create_context_profile GLX_EXT_create_context_es_profile GLX_EXT_create_context_es2_profile GLX_ARB_create_context_no_error GLX_ARB_create_context_robustness GLX_NV_delay_before_swap GLX_EXT_stereo_tree GLX_ARB_context_flush_control GLX_NV_robustness_video_memory_purge GLX_NV_multigpu_context GLX_ARB_multisample GLX_NV_float_buffer GLX_ARB_fbconfig_float GLX_EXT_framebuffer_sRGB GLX_NV_copy_image GLX_ARB_get_proc_address 
Renderer: GeForce GTX 1050 Ti/PCIe/SSE2
Vendor:   NVIDIA Corporation
Version:  4.5.0 NVIDIA 460.73.01
GLES:     0
 GL_AMD_multi_draw_indirect GL_AMD_seamless_cubemap_per_texture GL_AMD_vertex_shader_viewport_index GL_AMD_vertex_shader_layer GL_ARB_arrays_of_arrays GL_ARB_base_instance GL_ARB_bindless_texture GL_ARB_blend_func_extended GL_ARB_buffer_storage GL_ARB_clear_buffer_object GL_ARB_clear_texture GL_ARB_clip_control GL_ARB_color_buffer_float GL_ARB_compressed_texture_pixel_storage GL_ARB_conservative_depth GL_ARB_compute_shader GL_ARB_compute_variable_group_size GL_ARB_conditional_render_inverted GL_ARB_copy_buffer GL_ARB_copy_image GL_ARB_cull_distance GL_ARB_debug_output GL_ARB_depth_buffer_float GL_ARB_depth_clamp GL_ARB_depth_texture GL_ARB_derivative_control GL_ARB_direct_state_access GL_ARB_draw_buffers GL_ARB_draw_buffers_blend GL_ARB_draw_indirect GL_ARB_draw_elements_base_vertex GL_ARB_draw_instanced GL_ARB_enhanced_layouts GL_ARB_ES2_compatibility GL_ARB_ES3_compatibility GL_ARB_ES3_1_compatibility GL_ARB_ES3_2_compatibility GL_ARB_explicit_attrib_location GL_ARB_explicit_uniform_location GL_ARB_fragmen
t_coord_conventions GL_ARB_fragment_layer_viewport GL_ARB_fragment_program GL_ARB_fragment_program_shadow GL_ARB_fragment_shader GL_ARB_fragment_shader_interlock GL_ARB_framebuffer_no_attachments GL_ARB_framebuffer_object GL_ARB_framebuffer_sRGB GL_ARB_geometry_shader4 GL_ARB_get_program_binary GL_ARB_get_texture_sub_image GL_ARB_gl_spirv GL_ARB_gpu_shader5 GL_ARB_gpu_shader_fp64 GL_ARB_gpu_shader_int64 GL_ARB_half_float_pixel GL_ARB_half_float_vertex GL_ARB_imaging GL_ARB_indirect_parameters GL_ARB_instanced_arrays GL_ARB_internalformat_query GL_ARB_internalformat_query2 GL_ARB_invalidate_subdata GL_ARB_map_buffer_alignment GL_ARB_map_buffer_range GL_ARB_multi_bind GL_ARB_multi_draw_indirect GL_ARB_multisample GL_ARB_multitexture GL_ARB_occlusion_query GL_ARB_occlusion_query2 GL_ARB_parallel_shader_compile GL_ARB_pipeline_statistics_query GL_ARB_pixel_buffer_object GL_ARB_point_parameters GL_ARB_point_sprite GL_ARB_polygon_offset_clamp GL_ARB_post_depth_coverage GL_ARB_program_interface_query GL_ARB_provoki
ng_vertex GL_ARB_query_buffer_object GL_ARB_robust_buffer_access_behavior GL_ARB_robustness GL_ARB_sample_locations GL_ARB_sample_shading GL_ARB_sampler_objects GL_ARB_seamless_cube_map GL_ARB_seamless_cubemap_per_texture GL_ARB_separate_shader_objects GL_ARB_shader_atomic_counter_ops GL_ARB_shader_atomic_counters GL_ARB_shader_ballot GL_ARB_shader_bit_encoding GL_ARB_shader_clock GL_ARB_shader_draw_parameters GL_ARB_shader_group_vote GL_ARB_shader_image_load_store GL_ARB_shader_image_size GL_ARB_shader_objects GL_ARB_shader_precision GL_ARB_shader_storage_buffer_object GL_ARB_shader_subroutine GL_ARB_shader_texture_image_samples GL_ARB_shader_texture_lod GL_ARB_shading_language_100 GL_ARB_shader_viewport_layer_array GL_ARB_shading_language_420pack GL_ARB_shading_language_include GL_ARB_shading_language_packing GL_ARB_shadow GL_ARB_sparse_buffer GL_ARB_sparse_texture GL_ARB_sparse_texture2 GL_ARB_sparse_texture_clamp GL_ARB_spirv_extensions GL_ARB_stencil_texturing GL_ARB_sync GL_ARB_tessellation_shader GL_A
RB_texture_barrier GL_ARB_texture_border_clamp GL_ARB_texture_buffer_object GL_ARB_texture_buffer_object_rgb32 GL_ARB_texture_buffer_range GL_ARB_texture_compression GL_ARB_texture_compression_bptc GL_ARB_texture_compression_rgtc GL_ARB_texture_cube_map GL_ARB_texture_cube_map_array GL_ARB_texture_env_add GL_ARB_texture_env_combine GL_ARB_texture_env_crossbar GL_ARB_texture_env_dot3 GL_ARB_texture_filter_anisotropic GL_ARB_texture_filter_minmax GL_ARB_texture_float GL_ARB_texture_gather GL_ARB_texture_mirror_clamp_to_edge GL_ARB_texture_mirrored_repeat GL_ARB_texture_multisample GL_ARB_texture_non_power_of_two GL_ARB_texture_query_levels GL_ARB_texture_query_lod GL_ARB_texture_rectangle GL_ARB_texture_rg GL_ARB_texture_rgb10_a2ui GL_ARB_texture_stencil8 GL_ARB_texture_storage GL_ARB_texture_storage_multisample GL_ARB_texture_swizzle GL_ARB_texture_view GL_ARB_timer_query GL_ARB_transform_feedback2 GL_ARB_transform_feedback3 GL_ARB_transform_feedback_instanced GL_ARB_transform_feedback_overflow_query GL_ARB_t
ranspose_matrix GL_ARB_uniform_buffer_object GL_ARB_vertex_array_bgra GL_ARB_vertex_array_object GL_ARB_vertex_attrib_64bit GL_ARB_vertex_attrib_binding GL_ARB_vertex_buffer_object GL_ARB_vertex_program GL_ARB_vertex_shader GL_ARB_vertex_type_10f_11f_11f_rev GL_ARB_vertex_type_2_10_10_10_rev GL_ARB_viewport_array GL_ARB_window_pos GL_ATI_draw_buffers GL_ATI_texture_float GL_ATI_texture_mirror_once GL_S3_s3tc GL_EXT_texture_env_add GL_EXT_abgr GL_EXT_bgra GL_EXT_bindable_uniform GL_EXT_blend_color GL_EXT_blend_equation_separate GL_EXT_blend_func_separate GL_EXT_blend_minmax GL_EXT_blend_subtract GL_EXT_compiled_vertex_array GL_EXT_Cg_shader GL_EXT_depth_bounds_test GL_EXT_direct_state_access GL_EXT_draw_buffers2 GL_EXT_draw_instanced GL_EXT_draw_range_elements GL_EXT_fog_coord GL_EXT_framebuffer_blit GL_EXT_framebuffer_multisample GL_EXTX_framebuffer_mixed_formats GL_EXT_framebuffer_multisample_blit_scaled GL_EXT_framebuffer_object GL_EXT_framebuffer_sRGB GL_EXT_geometry_shader4 GL_EXT_gpu_program_parameters 
GL_EXT_gpu_shader4 GL_EXT_multi_draw_arrays GL_EXT_multiview_texture_multisample GL_EXT_multiview_timer_query GL_EXT_packed_depth_stencil GL_EXT_packed_float GL_EXT_packed_pixels GL_EXT_pixel_buffer_object GL_EXT_point_parameters GL_EXT_polygon_offset_clamp GL_EXT_post_depth_coverage GL_EXT_provoking_vertex GL_EXT_raster_multisample GL_EXT_rescale_normal GL_EXT_secondary_color GL_EXT_separate_shader_objects GL_EXT_separate_specular_color GL_EXT_shader_image_load_formatted GL_EXT_shader_image_load_store GL_EXT_shader_integer_mix GL_EXT_shadow_funcs GL_EXT_sparse_texture2 GL_EXT_stencil_two_side GL_EXT_stencil_wrap GL_EXT_texture3D GL_EXT_texture_array GL_EXT_texture_buffer_object GL_EXT_texture_compression_dxt1 GL_EXT_texture_compression_latc GL_EXT_texture_compression_rgtc GL_EXT_texture_compression_s3tc GL_EXT_texture_cube_map GL_EXT_texture_edge_clamp GL_EXT_texture_env_combine GL_EXT_texture_env_dot3 GL_EXT_texture_filter_anisotropic GL_EXT_texture_filter_minmax GL_EXT_texture_integer GL_EXT_texture_lod G
L_EXT_texture_lod_bias GL_EXT_texture_mirror_clamp GL_EXT_texture_object GL_EXT_texture_shadow_lod GL_EXT_texture_shared_exponent GL_EXT_texture_sRGB GL_EXT_texture_sRGB_R8 GL_EXT_texture_sRGB_decode GL_EXT_texture_storage GL_EXT_texture_swizzle GL_EXT_timer_query GL_EXT_transform_feedback2 GL_EXT_vertex_array GL_EXT_vertex_array_bgra GL_EXT_vertex_attrib_64bit GL_EXT_window_rectangles GL_EXT_x11_sync_object GL_EXT_import_sync_object GL_NV_robustness_video_memory_purge GL_IBM_rasterpos_clip GL_IBM_texture_mirrored_repeat GL_KHR_context_flush_control GL_KHR_debug GL_EXT_memory_object GL_EXT_memory_object_fd GL_NV_memory_object_sparse GL_KHR_parallel_shader_compile GL_KHR_no_error GL_KHR_robust_buffer_access_behavior GL_KHR_robustness GL_EXT_semaphore GL_EXT_semaphore_fd GL_NV_timeline_semaphore GL_KHR_shader_subgroup GL_KTX_buffer_region GL_NV_alpha_to_coverage_dither_control GL_NV_bindless_multi_draw_indirect GL_NV_bindless_multi_draw_indirect_count GL_NV_bindless_texture GL_NV_blend_equation_advanced GL_NV_
blend_equation_advanced_coherent GL_NVX_blend_equation_advanced_multi_draw_buffers GL_NV_blend_minmax_factor GL_NV_blend_square GL_NV_clip_space_w_scaling GL_NV_command_list GL_NV_compute_program5 GL_NV_conditional_render GL_NV_conservative_raster GL_NV_conservative_raster_dilate GL_NV_conservative_raster_pre_snap_triangles GL_NV_copy_depth_to_color GL_NV_copy_image GL_NV_depth_buffer_float GL_NV_depth_clamp GL_NV_draw_texture GL_NV_draw_vulkan_image GL_NV_ES1_1_compatibility GL_NV_ES3_1_compatibility GL_NV_explicit_multisample GL_NV_feature_query GL_NV_fence GL_NV_fill_rectangle GL_NV_float_buffer GL_NV_fog_distance GL_NV_fragment_coverage_to_color GL_NV_fragment_program GL_NV_fragment_program_option GL_NV_fragment_program2 GL_NV_fragment_shader_interlock GL_NV_framebuffer_mixed_samples GL_NV_framebuffer_multisample_coverage GL_NV_geometry_shader4 GL_NV_geometry_shader_passthrough GL_NV_gpu_program4 GL_NV_internalformat_sample_query GL_NV_gpu_program4_1 GL_NV_gpu_program5 GL_NV_gpu_program5_mem_extended GL_
NV_gpu_program_fp64 GL_NV_gpu_shader5 GL_NV_half_float GL_NV_light_max_exponent GL_NV_memory_attachment GL_NV_multisample_coverage GL_NV_multisample_filter_hint GL_NV_occlusion_query GL_NV_packed_depth_stencil GL_NV_parameter_buffer_object GL_NV_parameter_buffer_object2 GL_NV_path_rendering GL_NV_path_rendering_shared_edge GL_NV_pixel_data_range GL_NV_point_sprite GL_NV_primitive_restart GL_NV_query_resource GL_NV_query_resource_tag GL_NV_register_combiners GL_NV_register_combiners2 GL_NV_sample_locations GL_NV_sample_mask_override_coverage GL_NV_shader_atomic_counters GL_NV_shader_atomic_float GL_NV_shader_atomic_float64 GL_NV_shader_atomic_fp16_vector GL_NV_shader_atomic_int64 GL_NV_shader_buffer_load GL_NV_shader_storage_buffer_object GL_NV_shader_subgroup_partitioned GL_NV_stereo_view_rendering GL_NV_texgen_reflection GL_NV_texture_barrier GL_NV_texture_compression_vtc GL_NV_texture_env_combine4 GL_NV_texture_multisample GL_NV_texture_rectangle GL_NV_texture_rectangle_compressed GL_NV_texture_shader GL_N
V_texture_shader2 GL_NV_texture_shader3 GL_NV_transform_feedback GL_NV_transform_feedback2 GL_NV_uniform_buffer_unified_memory GL_NV_vdpau_interop GL_NV_vdpau_interop2 GL_NV_vertex_array_range GL_NV_vertex_array_range2 GL_NV_vertex_attrib_integer_64bit GL_NV_vertex_buffer_unified_memory GL_NV_vertex_program GL_NV_vertex_program1_1 GL_NV_vertex_program2 GL_NV_vertex_program2_option GL_NV_vertex_program3 GL_NV_viewport_array2 GL_NV_viewport_swizzle GL_NVX_conditional_render GL_NV_gpu_multicast GL_NVX_progress_fence GL_NVX_gpu_memory_info GL_NVX_nvenc_interop GL_NV_shader_thread_group GL_NV_shader_thread_shuffle GL_KHR_blend_equation_advanced GL_KHR_blend_equation_advanced_coherent GL_OVR_multiview GL_OVR_multiview2 GL_SGIS_generate_mipmap GL_SGIS_texture_lod GL_SGIX_depth_texture GL_SGIX_shadow GL_SUN_slice_accum
OPENGL LOG: Creating OpenGL 4.5 graphics device ; Context level  <OpenGL 4.5> ; Context handle -1177774792
Shader 'Universal Render Pipeline/Particles/Lit': fallback shader 'Universal Render Pipeline/Particles/SimpleLit' not found
Initialize mono
Mono path[0] = '/home/tunglam/Unity/Editors/2020.3.5f1/Editor/Data/Managed'
Mono path[1] = '/home/tunglam/Unity/Editors/2020.3.5f1/Editor/Data/MonoBleedingEdge/lib/mono/unityjit'
Mono config path = '/home/tunglam/Unity/Editors/2020.3.5f1/Editor/Data/MonoBleedingEdge/etc'
Using monoOptions --debugger-agent=transport=dt_socket,embedding=1,server=y,suspend=n,address=127.0.0.1:56467
Begin MonoManager ReloadAssembly
Registering precompiled unity dll's ...
Register platform support module: /home/tunglam/Unity/Editors/2020.3.5f1/Editor/Data/PlaybackEngines/MacStandaloneSupport/UnityEditor.OSXStandalone.Extensions.dll
Register platform support module: /home/tunglam/Unity/Editors/2020.3.5f1/Editor/Data/PlaybackEngines/WindowsStandaloneSupport/UnityEditor.WindowsStandalone.Extensions.dll
Register platform support module: /home/tunglam/Unity/Editors/2020.3.5f1/Editor/Data/PlaybackEngines/LinuxStandaloneSupport/UnityEditor.LinuxStandalone.Extensions.dll
Registered in 0,001644 seconds.
Native extension for LinuxStandalone target not found
Native extension for WindowsStandalone target not found
Native extension for OSXStandalone target not found
Refreshing native plugins compatible for Editor in 68,13 ms, found 1 plugins.
Preloading 0 native plugins for Editor in 0,00 ms.
Mono: successfully reloaded assembly
- Completed reload, in  1,071 seconds
Platform modules already initialized, skipping
Registering precompiled user dll's ...
Registered in 0,001353 seconds.
Begin MonoManager ReloadAssembly
Native extension for LinuxStandalone target not found
Native extension for WindowsStandalone target not found
Native extension for OSXStandalone target not found
Refreshing native plugins compatible for Editor in 63,18 ms, found 1 plugins.
Preloading 0 native plugins for Editor in 0,00 ms.
Mono: successfully reloaded assembly
- Completed reload, in  2,372 seconds
Platform modules already initialized, skipping
========================================================================
Worker process is ready to serve import requests
Shader 'Universal Render Pipeline/Particles/Lit': fallback shader 'Universal Render Pipeline/Particles/SimpleLit' not found
Launched and connected shader compiler UnityShaderCompiler after 0.78 seconds
Refreshing native plugins compatible for Editor in 1,46 ms, found 1 plugins.
Preloading 0 native plugins for Editor in 0,00 ms.
Unloading 3062 Unused Serialized files (Serialized files now loaded: 0)
System memory in use before: 132,7 MB.
System memory in use after: 132,9 MB.

Unloading 19 unused Assets to reduce memory usage. Loaded Objects now: 3517.
Total: 3,779740 ms (FindLiveObjects: 0,379318 ms CreateObjectMapping: 0,183228 ms MarkObjects: 3,052040 ms  DeleteObjects: 0,163310 ms)

========================================================================
Received Import Request.
  path: Assets/Scripts 2/guiscript.cs
  artifactKey: Guid(cd4623db9fec6d31e8bc303d225a83a9) Importer(815301076,1909f56bfc062723c751e8b465ee728b)
Start importing Assets/Scripts 2/guiscript.cs using Guid(cd4623db9fec6d31e8bc303d225a83a9) Importer(815301076,1909f56bfc062723c751e8b465ee728b)  -> (artifact id: 'feae15cfc2f3063ddfa8dc48b69ed14f') in 0,012556 seconds
  Import took 0,109318 seconds .

========================================================================
Received Prepare
Registering precompiled user dll's ...
Registered in 0,001998 seconds.
Begin MonoManager ReloadAssembly
Native extension for LinuxStandalone target not found
Native extension for WindowsStandalone target not found
Native extension for OSXStandalone target not found
Refreshing native plugins compatible for Editor in 0,84 ms, found 1 plugins.
Preloading 0 native plugins for Editor in 0,00 ms.
Mono: successfully reloaded assembly
- Completed reload, in  1,035 seconds
Platform modules already initialized, skipping
Shader 'Universal Render Pipeline/Particles/Lit': fallback shader 'Universal Render Pipeline/Particles/SimpleLit' not found
Refreshing native plugins compatible for Editor in 0,96 ms, found 1 plugins.
Preloading 0 native plugins for Editor in 0,00 ms.
Unloading 2979 Unused Serialized files (Serialized files now loaded: 0)
System memory in use before: 125,1 MB.
System memory in use after: 125,3 MB.

Unloading 8 unused Assets to reduce memory usage. Loaded Objects now: 3520.
Total: 4,413026 ms (FindLiveObjects: 0,496926 ms CreateObjectMapping: 0,202344 ms MarkObjects: 3,667176 ms  DeleteObjects: 0,044132 ms)

========================================================================
Received Prepare
Registering precompiled user dll's ...
Registered in 0,001327 seconds.
Begin MonoManager ReloadAssembly
Native extension for LinuxStandalone target not found
Native extension for WindowsStandalone target not found
Native extension for OSXStandalone target not found
Refreshing native plugins compatible for Editor in 0,64 ms, found 1 plugins.
Preloading 0 native plugins for Editor in 0,00 ms.
Mono: successfully reloaded assembly
- Completed reload, in  0,884 seconds
Platform modules already initialized, skipping
Shader 'Universal Render Pipeline/Particles/Lit': fallback shader 'Universal Render Pipeline/Particles/SimpleLit' not found
Refreshing native plugins compatible for Editor in 0,70 ms, found 1 plugins.
Preloading 0 native plugins for Editor in 0,00 ms.
Unloading 2979 Unused Serialized files (Serialized files now loaded: 0)
System memory in use before: 125,1 MB.
System memory in use after: 125,3 MB.

Unloading 8 unused Assets to reduce memory usage. Loaded Objects now: 3523.
Total: 3,290165 ms (FindLiveObjects: 0,309238 ms CreateObjectMapping: 0,160788 ms MarkObjects: 2,773531 ms  DeleteObjects: 0,045349 ms)

========================================================================
Received Import Request.
  Time since last request: 128,924628 seconds.
  path: Assets/Scripts 2/guiscript.cs
  artifactKey: Guid(cd4623db9fec6d31e8bc303d225a83a9) Importer(815301076,1909f56bfc062723c751e8b465ee728b)
Start importing Assets/Scripts 2/guiscript.cs using Guid(cd4623db9fec6d31e8bc303d225a83a9) Importer(815301076,1909f56bfc062723c751e8b465ee728b)  -> (artifact id: '6d51cb558100eb0e28cac0ba3a81c349') in 0,009090 seconds
  Import took 0,116661 seconds .

========================================================================
Received Prepare
Registering precompiled user dll's ...
Registered in 0,001546 seconds.
Begin MonoManager ReloadAssembly
Native extension for LinuxStandalone target not found
Native extension for WindowsStandalone target not found
Native extension for OSXStandalone target not found
Refreshing native plugins compatible for Editor in 0,70 ms, found 1 plugins.
Preloading 0 native plugins for Editor in 0,00 ms.
Mono: successfully reloaded assembly
- Completed reload, in  0,899 seconds
Platform modules already initialized, skipping
Shader 'Universal Render Pipeline/Particles/Lit': fallback shader 'Universal Render Pipeline/Particles/SimpleLit' not found
Refreshing native plugins compatible for Editor in 0,64 ms, found 1 plugins.
Preloading 0 native plugins for Editor in 0,00 ms.
Unloading 2979 Unused Serialized files (Serialized files now loaded: 0)
System memory in use before: 125,1 MB.
System memory in use after: 125,3 MB.

Unloading 8 unused Assets to reduce memory usage. Loaded Objects now: 3526.
Total: 3,417914 ms (FindLiveObjects: 0,333438 ms CreateObjectMapping: 0,147049 ms MarkObjects: 2,894924 ms  DeleteObjects: 0,041132 ms)

========================================================================
Received Import Request.
  Time since last request: 117,264438 seconds.
  path: Assets/Scripts 2/CanvasScaleFactorAdjuster.cs
  artifactKey: Guid(cd4623db9fec6d31e8bc303d225a83a9) Importer(815301076,1909f56bfc062723c751e8b465ee728b)
Start importing Assets/Scripts 2/CanvasScaleFactorAdjuster.cs using Guid(cd4623db9fec6d31e8bc303d225a83a9) Importer(815301076,1909f56bfc062723c751e8b465ee728b)  -> (artifact id: '9f8d3adbcd8d2831a44686565f865ed6') in 0,003977 seconds
  Import took 0,104769 seconds .

========================================================================
Received Prepare
Registering precompiled user dll's ...
Registered in 0,001233 seconds.
Begin MonoManager ReloadAssembly
Native extension for LinuxStandalone target not found
Native extension for WindowsStandalone target not found
Native extension for OSXStandalone target not found
Refreshing native plugins compatible for Editor in 0,71 ms, found 1 plugins.
Preloading 0 native plugins for Editor in 0,00 ms.
Mono: successfully reloaded assembly
- Completed reload, in  0,887 seconds
Platform modules already initialized, skipping
Shader 'Universal Render Pipeline/Particles/Lit': fallback shader 'Universal Render Pipeline/Particles/SimpleLit' not found
Refreshing native plugins compatible for Editor in 0,71 ms, found 1 plugins.
Preloading 0 native plugins for Editor in 0,00 ms.
Unloading 2979 Unused Serialized files (Serialized files now loaded: 0)
System memory in use before: 125,2 MB.
System memory in use after: 125,4 MB.

Unloading 8 unused Assets to reduce memory usage. Loaded Objects now: 3529.
Total: 2,963681 ms (FindLiveObjects: 0,299971 ms CreateObjectMapping: 0,106888 ms MarkObjects: 2,520833 ms  DeleteObjects: 0,034923 ms)

========================================================================
Received Prepare
Registering precompiled user dll's ...
Registered in 0,001228 seconds.
Begin MonoManager ReloadAssembly
Native extension for LinuxStandalone target not found
Native extension for WindowsStandalone target not found
Native extension for OSXStandalone target not found
Refreshing native plugins compatible for Editor in 0,63 ms, found 1 plugins.
Preloading 0 native plugins for Editor in 0,00 ms.
Mono: successfully reloaded assembly
- Completed reload, in  0,813 seconds
Platform modules already initialized, skipping
Shader 'Universal Render Pipeline/Particles/Lit': fallback shader 'Universal Render Pipeline/Particles/SimpleLit' not found
Refreshing native plugins compatible for Editor in 0,62 ms, found 1 plugins.
Preloading 0 native plugins for Editor in 0,00 ms.
Unloading 2979 Unused Serialized files (Serialized files now loaded: 0)
System memory in use before: 125,2 MB.
System memory in use after: 125,4 MB.

Unloading 8 unused Assets to reduce memory usage. Loaded Objects now: 3532.
Total: 2,966304 ms (FindLiveObjects: 0,341763 ms CreateObjectMapping: 0,118289 ms MarkObjects: 2,470871 ms  DeleteObjects: 0,034244 ms)

========================================================================
Received Import Request.
  Time since last request: 192,341899 seconds.
  path: Assets/Sprites/HealthBar.png
  artifactKey: Guid(1ef39fdd461cd322f8d05ac145f8202c) Importer(815301076,1909f56bfc062723c751e8b465ee728b)
Start importing Assets/Sprites/HealthBar.png using Guid(1ef39fdd461cd322f8d05ac145f8202c) Importer(815301076,1909f56bfc062723c751e8b465ee728b)  -> (artifact id: '773b5faf2984a743a88103dd02fd4b74') in 0,311588 seconds
  Import took 0,350954 seconds .

========================================================================
Received Prepare
Registering precompiled user dll's ...
Registered in 0,001637 seconds.
Begin MonoManager ReloadAssembly
Native extension for LinuxStandalone target not found
Native extension for WindowsStandalone target not found
Native extension for OSXStandalone target not found
Refreshing native plugins compatible for Editor in 0,79 ms, found 1 plugins.
Preloading 0 native plugins for Editor in 0,00 ms.
Mono: successfully reloaded assembly
- Completed reload, in  0,970 seconds
Platform modules already initialized, skipping
Shader 'Universal Render Pipeline/Particles/Lit': fallback shader 'Universal Render Pipeline/Particles/SimpleLit' not found
Refreshing native plugins compatible for Editor in 0,66 ms, found 1 plugins.
Preloading 0 native plugins for Editor in 0,00 ms.
Unloading 2979 Unused Serialized files (Serialized files now loaded: 0)
System memory in use before: 126,4 MB.
System memory in use after: 126,6 MB.

Unloading 8 unused Assets to reduce memory usage. Loaded Objects now: 3541.
Total: 9,971659 ms (FindLiveObjects: 0,763324 ms CreateObjectMapping: 0,464963 ms MarkObjects: 8,661798 ms  DeleteObjects: 0,077564 ms)

========================================================================
Received Prepare
Registering precompiled user dll's ...
Registered in 0,001475 seconds.
Begin MonoManager ReloadAssembly
Native extension for LinuxStandalone target not found
Native extension for WindowsStandalone target not found
Native extension for OSXStandalone target not found
Refreshing native plugins compatible for Editor in 0,82 ms, found 1 plugins.
Preloading 0 native plugins for Editor in 0,00 ms.
Mono: successfully reloaded assembly
- Completed reload, in  0,831 seconds
Platform modules already initialized, skipping
Shader 'Universal Render Pipeline/Particles/Lit': fallback shader 'Universal Render Pipeline/Particles/SimpleLit' not found
Refreshing native plugins compatible for Editor in 0,90 ms, found 1 plugins.
Preloading 0 native plugins for Editor in 0,00 ms.
Unloading 2979 Unused Serialized files (Serialized files now loaded: 0)
System memory in use before: 126,4 MB.
System memory in use after: 126,6 MB.

Unloading 8 unused Assets to reduce memory usage. Loaded Objects now: 3544.
Total: 3,234110 ms (FindLiveObjects: 0,336581 ms CreateObjectMapping: 0,121937 ms MarkObjects: 2,718808 ms  DeleteObjects: 0,038157 ms)

========================================================================
Received Prepare
Registering precompiled user dll's ...
Registered in 0,001946 seconds.
Begin MonoManager ReloadAssembly
Native extension for LinuxStandalone target not found
Native extension for WindowsStandalone target not found
Native extension for OSXStandalone target not found
Refreshing native plugins compatible for Editor in 0,92 ms, found 1 plugins.
Preloading 0 native plugins for Editor in 0,00 ms.
Mono: successfully reloaded assembly
- Completed reload, in  1,434 seconds
Platform modules already initialized, skipping
Shader 'Universal Render Pipeline/Particles/Lit': fallback shader 'Universal Render Pipeline/Particles/SimpleLit' not found
Refreshing native plugins compatible for Editor in 1,01 ms, found 1 plugins.
Preloading 0 native plugins for Editor in 0,00 ms.
Unloading 2979 Unused Serialized files (Serialized files now loaded: 0)
System memory in use before: 126,4 MB.
System memory in use after: 126,6 MB.

Unloading 8 unused Assets to reduce memory usage. Loaded Objects now: 3547.
Total: 4,685665 ms (FindLiveObjects: 0,464879 ms CreateObjectMapping: 0,234906 ms MarkObjects: 3,923908 ms  DeleteObjects: 0,059358 ms)

========================================================================
Received Import Request.
  Time since last request: 2047,253052 seconds.
  path: Assets/Sprites/HealthBar.png
  artifactKey: Guid(1ef39fdd461cd322f8d05ac145f8202c) Importer(815301076,1909f56bfc062723c751e8b465ee728b)
Start importing Assets/Sprites/HealthBar.png using Guid(1ef39fdd461cd322f8d05ac145f8202c) Importer(815301076,1909f56bfc062723c751e8b465ee728b)  -> (artifact id: '4c4db67d303620528faf7398e0a53b4d') in 0,094889 seconds
  Import took 0,112272 seconds .

========================================================================
Received Import Request.
  Time since last request: 199,930156 seconds.
  path: Assets/Sprites/HealthBar.png
  artifactKey: Guid(1ef39fdd461cd322f8d05ac145f8202c) Importer(815301076,1909f56bfc062723c751e8b465ee728b)
Start importing Assets/Sprites/HealthBar.png using Guid(1ef39fdd461cd322f8d05ac145f8202c) Importer(815301076,1909f56bfc062723c751e8b465ee728b)  -> (artifact id: '4e6569b6a413071c606d83d620c2dc36') in 0,004908 seconds
  Import took 0,033047 seconds .

========================================================================
Received Import Request.
  Time since last request: 155,741730 seconds.
  path: Assets/Sprites/HealthBar.png
  artifactKey: Guid(1ef39fdd461cd322f8d05ac145f8202c) Importer(815301076,1909f56bfc062723c751e8b465ee728b)
Start importing Assets/Sprites/HealthBar.png using Guid(1ef39fdd461cd322f8d05ac145f8202c) Importer(815301076,1909f56bfc062723c751e8b465ee728b)  -> (artifact id: 'ea47825e190d8bdb90b3a5c960848315') in 0,016571 seconds
  Import took 0,118094 seconds .

========================================================================
Received Import Request.
  Time since last request: 191,616536 seconds.
  path: Assets/Scripts 2/guiscript.cs
  artifactKey: Guid(f1bde334017d423e1adcaf3e3dc20471) Importer(815301076,1909f56bfc062723c751e8b465ee728b)
Start importing Assets/Scripts 2/guiscript.cs using Guid(f1bde334017d423e1adcaf3e3dc20471) Importer(815301076,1909f56bfc062723c751e8b465ee728b)  -> (artifact id: 'eb2a271fd02af628522781917cfed45e') in 0,064956 seconds
  Import took 0,075611 seconds .

========================================================================
Received Prepare
Registering precompiled user dll's ...
Registered in 0,001382 seconds.
Begin MonoManager ReloadAssembly
Native extension for LinuxStandalone target not found
Native extension for WindowsStandalone target not found
Native extension for OSXStandalone target not found
Refreshing native plugins compatible for Editor in 0,70 ms, found 1 plugins.
Preloading 0 native plugins for Editor in 0,00 ms.
Mono: successfully reloaded assembly
- Completed reload, in  0,851 seconds
Platform modules already initialized, skipping
Shader 'Universal Render Pipeline/Particles/Lit': fallback shader 'Universal Render Pipeline/Particles/SimpleLit' not found
Refreshing native plugins compatible for Editor in 0,61 ms, found 1 plugins.
Preloading 0 native plugins for Editor in 0,00 ms.
Unloading 2979 Unused Serialized files (Serialized files now loaded: 0)
System memory in use before: 126,4 MB.
System memory in use after: 126,6 MB.

Unloading 8 unused Assets to reduce memory usage. Loaded Objects now: 3553.
Total: 2,822208 ms (FindLiveObjects: 0,341023 ms CreateObjectMapping: 0,099953 ms MarkObjects: 2,323939 ms  DeleteObjects: 0,055864 ms)

========================================================================
Received Import Request.
  Time since last request: 138,266903 seconds.
  path: Assets/Scripts 2/guiscript.cs
  artifactKey: Guid(f1bde334017d423e1adcaf3e3dc20471) Importer(815301076,1909f56bfc062723c751e8b465ee728b)
Start importing Assets/Scripts 2/guiscript.cs using Guid(f1bde334017d423e1adcaf3e3dc20471) Importer(815301076,1909f56bfc062723c751e8b465ee728b)  -> (artifact id: 'b53e4f76b0a728ff7cffb651a21c8be8') in 0,005756 seconds
  Import took 0,011197 seconds .

========================================================================
Received Prepare
Registering precompiled user dll's ...
Registered in 0,001342 seconds.
Begin MonoManager ReloadAssembly
Native extension for LinuxStandalone target not found
Native extension for WindowsStandalone target not found
Native extension for OSXStandalone target not found
Refreshing native plugins compatible for Editor in 0,75 ms, found 1 plugins.
Preloading 0 native plugins for Editor in 0,00 ms.
Mono: successfully reloaded assembly
- Completed reload, in  0,861 seconds
Platform modules already initialized, skipping
Shader 'Universal Render Pipeline/Particles/Lit': fallback shader 'Universal Render Pipeline/Particles/SimpleLit' not found
Refreshing native plugins compatible for Editor in 0,63 ms, found 1 plugins.
Preloading 0 native plugins for Editor in 0,00 ms.
Unloading 2979 Unused Serialized files (Serialized files now loaded: 0)
System memory in use before: 126,4 MB.
System memory in use after: 126,6 MB.

Unloading 8 unused Assets to reduce memory usage. Loaded Objects now: 3556.
Total: 3,381752 ms (FindLiveObjects: 0,504953 ms CreateObjectMapping: 0,198116 ms MarkObjects: 2,642296 ms  DeleteObjects: 0,035322 ms)

========================================================================
Received Import Request.
  Time since last request: 33,466095 seconds.
  path: Assets/Scripts 2/guiscript.cs
  artifactKey: Guid(f1bde334017d423e1adcaf3e3dc20471) Importer(815301076,1909f56bfc062723c751e8b465ee728b)
Start importing Assets/Scripts 2/guiscript.cs using Guid(f1bde334017d423e1adcaf3e3dc20471) Importer(815301076,1909f56bfc062723c751e8b465ee728b)  -> (artifact id: 'd20cf4afc229cfa093199391b9294f81') in 0,005055 seconds
  Import took 0,012072 seconds .

========================================================================
Received Prepare
Registering precompiled user dll's ...
Registered in 0,001341 seconds.
Begin MonoManager ReloadAssembly
Native extension for LinuxStandalone target not found
Native extension for WindowsStandalone target not found
Native extension for OSXStandalone target not found
Refreshing native plugins compatible for Editor in 1,00 ms, found 1 plugins.
Preloading 0 native plugins for Editor in 0,00 ms.
Mono: successfully reloaded assembly
- Completed reload, in  0,894 seconds
Platform modules already initialized, skipping
Shader 'Universal Render Pipeline/Particles/Lit': fallback shader 'Universal Render Pipeline/Particles/SimpleLit' not found
Refreshing native plugins compatible for Editor in 0,71 ms, found 1 plugins.
Preloading 0 native plugins for Editor in 0,00 ms.
Unloading 2979 Unused Serialized files (Serialized files now loaded: 0)
System memory in use before: 126,4 MB.
System memory in use after: 126,7 MB.

Unloading 8 unused Assets to reduce memory usage. Loaded Objects now: 3559.
Total: 3,039519 ms (FindLiveObjects: 0,334992 ms CreateObjectMapping: 0,139734 ms MarkObjects: 2,520710 ms  DeleteObjects: 0,042626 ms)

========================================================================
Received Prepare
Registering precompiled user dll's ...
Registered in 0,001253 seconds.
Begin MonoManager ReloadAssembly
Native extension for LinuxStandalone target not found
Native extension for WindowsStandalone target not found
Native extension for OSXStandalone target not found
Refreshing native plugins compatible for Editor in 1,02 ms, found 1 plugins.
Preloading 0 native plugins for Editor in 0,00 ms.
Mono: successfully reloaded assembly
- Completed reload, in  0,941 seconds
Platform modules already initialized, skipping
Shader 'Universal Render Pipeline/Particles/Lit': fallback shader 'Universal Render Pipeline/Particles/SimpleLit' not found
Refreshing native plugins compatible for Editor in 1,00 ms, found 1 plugins.
Preloading 0 native plugins for Editor in 0,00 ms.
Unloading 2979 Unused Serialized files (Serialized files now loaded: 0)
System memory in use before: 126,5 MB.
System memory in use after: 126,7 MB.

Unloading 8 unused Assets to reduce memory usage. Loaded Objects now: 3562.
Total: 4,365961 ms (FindLiveObjects: 0,417327 ms CreateObjectMapping: 0,158051 ms MarkObjects: 3,736420 ms  DeleteObjects: 0,051994 ms)

========================================================================
Received Import Request.
  Time since last request: 89,844617 seconds.
  path: Assets/Scripts 2/guiscript.cs
  artifactKey: Guid(f1bde334017d423e1adcaf3e3dc20471) Importer(815301076,1909f56bfc062723c751e8b465ee728b)
Start importing Assets/Scripts 2/guiscript.cs using Guid(f1bde334017d423e1adcaf3e3dc20471) Importer(815301076,1909f56bfc062723c751e8b465ee728b)  -> (artifact id: '7f294396266e3d39e56c10099062c66c') in 0,004637 seconds
  Import took 0,070998 seconds .

========================================================================
Received Prepare
Registering precompiled user dll's ...
Registered in 0,001428 seconds.
Begin MonoManager ReloadAssembly
Native extension for LinuxStandalone target not found
Native extension for WindowsStandalone target not found
Native extension for OSXStandalone target not found
Refreshing native plugins compatible for Editor in 0,65 ms, found 1 plugins.
Preloading 0 native plugins for Editor in 0,00 ms.
Mono: successfully reloaded assembly
- Completed reload, in  0,856 seconds
Platform modules already initialized, skipping
Shader 'Universal Render Pipeline/Particles/Lit': fallback shader 'Universal Render Pipeline/Particles/SimpleLit' not found
Refreshing native plugins compatible for Editor in 0,60 ms, found 1 plugins.
Preloading 0 native plugins for Editor in 0,00 ms.
Unloading 2980 Unused Serialized files (Serialized files now loaded: 0)
System memory in use before: 126,5 MB.
System memory in use after: 126,7 MB.

Unloading 8 unused Assets to reduce memory usage. Loaded Objects now: 3566.
Total: 2,988022 ms (FindLiveObjects: 0,312896 ms CreateObjectMapping: 0,123897 ms MarkObjects: 2,513140 ms  DeleteObjects: 0,036466 ms)

========================================================================
Received Import Request.
  Time since last request: 41,410926 seconds.
  path: Assets/Scripts 2/guiscript.cs
  artifactKey: Guid(f1bde334017d423e1adcaf3e3dc20471) Importer(815301076,1909f56bfc062723c751e8b465ee728b)
Start importing Assets/Scripts 2/guiscript.cs using Guid(f1bde334017d423e1adcaf3e3dc20471) Importer(815301076,1909f56bfc062723c751e8b465ee728b)  -> (artifact id: '8a913b457df2f61b666e4d6fed852d2d') in 0,003622 seconds
  Import took 0,060537 seconds .

========================================================================
Received Prepare
Registering precompiled user dll's ...
Registered in 0,001446 seconds.
Begin MonoManager ReloadAssembly
Native extension for LinuxStandalone target not found
Native extension for WindowsStandalone target not found
Native extension for OSXStandalone target not found
Refreshing native plugins compatible for Editor in 0,75 ms, found 1 plugins.
Preloading 0 native plugins for Editor in 0,00 ms.
Mono: successfully reloaded assembly
- Completed reload, in  0,864 seconds
Platform modules already initialized, skipping
Shader 'Universal Render Pipeline/Particles/Lit': fallback shader 'Universal Render Pipeline/Particles/SimpleLit' not found
Refreshing native plugins compatible for Editor in 0,64 ms, found 1 plugins.
Preloading 0 native plugins for Editor in 0,00 ms.
Unloading 2979 Unused Serialized files (Serialized files now loaded: 0)
System memory in use before: 126,5 MB.
System memory in use after: 126,7 MB.

Unloading 9 unused Assets to reduce memory usage. Loaded Objects now: 3568.
Total: 3,065236 ms (FindLiveObjects: 0,443400 ms CreateObjectMapping: 0,183812 ms MarkObjects: 2,393158 ms  DeleteObjects: 0,042647 ms)

========================================================================
Received Prepare
Registering precompiled user dll's ...
Registered in 0,001416 seconds.
Begin MonoManager ReloadAssembly
Native extension for LinuxStandalone target not found
Native extension for WindowsStandalone target not found
Native extension for OSXStandalone target not found
Refreshing native plugins compatible for Editor in 0,64 ms, found 1 plugins.
Preloading 0 native plugins for Editor in 0,00 ms.
Mono: successfully reloaded assembly
- Completed reload, in  0,957 seconds
Platform modules already initialized, skipping
Shader 'Universal Render Pipeline/Particles/Lit': fallback shader 'Universal Render Pipeline/Particles/SimpleLit' not found
Refreshing native plugins compatible for Editor in 0,71 ms, found 1 plugins.
Preloading 0 native plugins for Editor in 0,00 ms.
Unloading 2979 Unused Serialized files (Serialized files now loaded: 0)
System memory in use before: 126,5 MB.
System memory in use after: 126,7 MB.

Unloading 8 unused Assets to reduce memory usage. Loaded Objects now: 3571.
Total: 2,944621 ms (FindLiveObjects: 0,301974 ms CreateObjectMapping: 0,131665 ms MarkObjects: 2,468785 ms  DeleteObjects: 0,040743 ms)

========================================================================
Received Prepare
Registering precompiled user dll's ...
Registered in 0,001378 seconds.
Begin MonoManager ReloadAssembly
Native extension for LinuxStandalone target not found
Native extension for WindowsStandalone target not found
Native extension for OSXStandalone target not found
Refreshing native plugins compatible for Editor in 0,65 ms, found 1 plugins.
Preloading 0 native plugins for Editor in 0,00 ms.
Mono: successfully reloaded assembly
- Completed reload, in  0,847 seconds
Platform modules already initialized, skipping
Shader 'Universal Render Pipeline/Particles/Lit': fallback shader 'Universal Render Pipeline/Particles/SimpleLit' not found
Refreshing native plugins compatible for Editor in 0,69 ms, found 1 plugins.
Preloading 0 native plugins for Editor in 0,00 ms.
Unloading 2979 Unused Serialized files (Serialized files now loaded: 0)
System memory in use before: 126,5 MB.
System memory in use after: 126,7 MB.

Unloading 8 unused Assets to reduce memory usage. Loaded Objects now: 3574.
Total: 3,235709 ms (FindLiveObjects: 0,301143 ms CreateObjectMapping: 0,148732 ms MarkObjects: 2,743317 ms  DeleteObjects: 0,041366 ms)

========================================================================
Received Prepare
Registering precompiled user dll's ...
Registered in 0,001569 seconds.
Begin MonoManager ReloadAssembly
Native extension for LinuxStandalone target not found
Native extension for WindowsStandalone target not found
Native extension for OSXStandalone target not found
Refreshing native plugins compatible for Editor in 0,94 ms, found 1 plugins.
Preloading 0 native plugins for Editor in 0,00 ms.
Mono: successfully reloaded assembly
- Completed reload, in  1,325 seconds
Platform modules already initialized, skipping
Shader 'Universal Render Pipeline/Particles/Lit': fallback shader 'Universal Render Pipeline/Particles/SimpleLit' not found
Refreshing native plugins compatible for Editor in 0,91 ms, found 1 plugins.
Preloading 0 native plugins for Editor in 0,00 ms.
Unloading 2979 Unused Serialized files (Serialized files now loaded: 0)
System memory in use before: 126,5 MB.
System memory in use after: 126,7 MB.

Unloading 8 unused Assets to reduce memory usage. Loaded Objects now: 3577.
Total: 7,404154 ms (FindLiveObjects: 0,445624 ms CreateObjectMapping: 0,228608 ms MarkObjects: 6,662534 ms  DeleteObjects: 0,064651 ms)

========================================================================
Received Prepare
Registering precompiled user dll's ...
Registered in 0,001479 seconds.
Begin MonoManager ReloadAssembly
Native extension for LinuxStandalone target not found
Native extension for WindowsStandalone target not found
Native extension for OSXStandalone target not found
Refreshing native plugins compatible for Editor in 0,68 ms, found 1 plugins.
Preloading 0 native plugins for Editor in 0,00 ms.
Mono: successfully reloaded assembly
- Completed reload, in  0,834 seconds
Platform modules already initialized, skipping
Shader 'Universal Render Pipeline/Particles/Lit': fallback shader 'Universal Render Pipeline/Particles/SimpleLit' not found
Refreshing native plugins compatible for Editor in 0,66 ms, found 1 plugins.
Preloading 0 native plugins for Editor in 0,00 ms.
Unloading 2979 Unused Serialized files (Serialized files now loaded: 0)
System memory in use before: 126,5 MB.
System memory in use after: 126,7 MB.

Unloading 8 unused Assets to reduce memory usage. Loaded Objects now: 3580.
Total: 5,966519 ms (FindLiveObjects: 0,281948 ms CreateObjectMapping: 0,120777 ms MarkObjects: 5,515043 ms  DeleteObjects: 0,047621 ms)

AssetImportWorkerClient::OnTransportError - code=2 error=End of file
